{"numTotalTestSuites":4,"numPassedTestSuites":0,"numFailedTestSuites":4,"numPendingTestSuites":0,"numTotalTests":0,"numPassedTests":0,"numFailedTests":0,"numPendingTests":0,"numTodoTests":0,"snapshot":{"added":0,"failure":false,"filesAdded":0,"filesRemoved":0,"filesRemovedList":[],"filesUnmatched":0,"filesUpdated":0,"matched":0,"total":0,"unchecked":0,"uncheckedKeysByFile":[],"unmatched":0,"updated":0,"didUpdate":false},"startTime":1762126555798,"success":false,"testResults":[{"assertionResults":[],"startTime":1762126555798,"endTime":1762126555798,"status":"failed","message":"ENOENT: no such file or directory, open 'C:\\Users\\pc\\AppData\\Local\\Temp\\OKrf9KMlnaN30wYuJipiS\\client\\8bf729ec08e8df48624a3158725cbdade79a56b3'","name":"C:/Users/pc/Desktop/Programação/Pele Completo STOP/wound-ai-care-suite/src/lib/__tests__/validations.test.ts"},{"assertionResults":[],"startTime":1762126555798,"endTime":1762126555798,"status":"failed","message":"ENOENT: no such file or directory, open 'C:\\Users\\pc\\AppData\\Local\\Temp\\OKrf9KMlnaN30wYuJipiS\\client\\8bf729ec08e8df48624a3158725cbdade79a56b3'","name":"C:/Users/pc/Desktop/Programação/Pele Completo STOP/wound-ai-care-suite/src/services/__tests__/patientService.test.ts"},{"assertionResults":[],"startTime":1762126555798,"endTime":1762126555798,"status":"failed","message":"ENOENT: no such file or directory, open 'C:\\Users\\pc\\AppData\\Local\\Temp\\OKrf9KMlnaN30wYuJipiS\\client\\8bf729ec08e8df48624a3158725cbdade79a56b3'","name":"C:/Users/pc/Desktop/Programação/Pele Completo STOP/wound-ai-care-suite/src/test/usability/patient-registration.test.tsx"},{"assertionResults":[],"startTime":1762126555798,"endTime":1762126555798,"status":"failed","message":"ENOENT: no such file or directory, open 'C:\\Users\\pc\\AppData\\Local\\Temp\\OKrf9KMlnaN30wYuJipiS\\client\\8bf729ec08e8df48624a3158725cbdade79a56b3'","name":"C:/Users/pc/Desktop/Programação/Pele Completo STOP/wound-ai-care-suite/src/components/patients/__tests__/PatientForm.test.tsx"}]}